# JRE version: OpenJDK Runtime Environment Temurin-21.0.9+10 (21.0.9+10) (build 21.0.9+10-LTS)
# Java VM: OpenJDK 64-Bit Server VM Temurin-21.0.9+10 (21.0.9+10-LTS, mixed mode, sharing, tiered, compressed oops, compressed class ptrs, parallel gc, windows-amd64)
GC Precious Log:
 CardTable entry size: 512
 CPUs: 4 total, 4 available
 Memory: 4005M
 Large Page Support: Disabled
 NUMA Support: Disabled
 Compressed Oops: Enabled (32-bit)
 Alignments: Space 512K, Generation 512K, Heap 2M
 Heap Min Capacity: 100M
 Heap Initial Capacity: 100M
 Heap Max Capacity: 2G
 Pre-touch: Disabled
 Parallel Workers: 4
Heap:
 PSYoungGen      total 4096K, used 3068K [0x00000000d5580000, 0x00000000d5b00000, 0x0000000100000000)
  eden space 3584K, 81% used [0x00000000d5580000,0x00000000d5857010,0x00000000d5900000)
  from space 512K, 31% used [0x00000000d5a00000,0x00000000d5a28000,0x00000000d5a80000)
  to   space 512K, 0% used [0x00000000d5a80000,0x00000000d5a80000,0x00000000d5b00000)
 ParOldGen       total 1124352K, used 1124070K [0x0000000080000000, 0x00000000c4a00000, 0x00000000d5580000)
  object space 1124352K, 99% used [0x0000000080000000,0x00000000c49b9950,0x00000000c4a00000)
 Metaspace       used 91647K, committed 93312K, reserved 1179648K
  class space    used 9587K, committed 10368K, reserved 1048576K
GC Heap History (20 events):
Event: 7430.599 GC heap before
{Heap before GC invocations=1934 (full 5):
 PSYoungGen      total 4096K, used 3667K [0x00000000d5580000, 0x00000000d5b00000, 0x0000000100000000)
  eden space 3584K, 96% used [0x00000000d5580000,0x00000000d58dcfa8,0x00000000d5900000)
  from space 512K, 43% used [0x00000000d5a00000,0x00000000d5a38000,0x00000000d5a80000)
  to   space 512K, 0% used [0x00000000d5a80000,0x00000000d5a80000,0x00000000d5b00000)
 ParOldGen       total 1122816K, used 1122790K [0x0000000080000000, 0x00000000c4880000, 0x00000000d5580000)
  object space 1122816K, 99% used [0x0000000080000000,0x00000000c4879bb0,0x00000000c4880000)
 Metaspace       used 88018K, committed 89600K, reserved 1179648K
  class space    used 9021K, committed 9792K, reserved 1048576K
}
Event: 7430.619 GC heap after
{Heap after GC invocations=1934 (full 5):
 PSYoungGen      total 4096K, used 449K [0x00000000d5580000, 0x00000000d5b00000, 0x0000000100000000)
  eden space 3584K, 0% used [0x00000000d5580000,0x00000000d5580000,0x00000000d5900000)
  from space 512K, 87% used [0x00000000d5a80000,0x00000000d5af0748,0x00000000d5b00000)
  to   space 512K, 0% used [0x00000000d5a00000,0x00000000d5a00000,0x00000000d5a80000)
 ParOldGen       total 1123328K, used 1123071K [0x0000000080000000, 0x00000000c4900000, 0x00000000d5580000)
  object space 1123328K, 99% used [0x0000000080000000,0x00000000c48bfd30,0x00000000c4900000)
 Metaspace       used 88018K, committed 89600K, reserved 1179648K
  class space    used 9021K, committed 9792K, reserved 1048576K
}
Event: 7431.363 GC heap before
{Heap before GC invocations=1935 (full 5):
 PSYoungGen      total 4096K, used 4033K [0x00000000d5580000, 0x00000000d5b00000, 0x0000000100000000)
  eden space 3584K, 100% used [0x00000000d5580000,0x00000000d5900000,0x00000000d5900000)
  from space 512K, 87% used [0x00000000d5a80000,0x00000000d5af0748,0x00000000d5b00000)
  to   space 512K, 0% used [0x00000000d5a00000,0x00000000d5a00000,0x00000000d5a80000)
 ParOldGen       total 1123328K, used 1123071K [0x0000000080000000, 0x00000000c4900000, 0x00000000d5580000)
  object space 1123328K, 99% used [0x0000000080000000,0x00000000c48bfd30,0x00000000c4900000)
 Metaspace       used 88466K, committed 90048K, reserved 1179648K
  class space    used 9072K, committed 9792K, reserved 1048576K
}
Event: 7431.372 GC heap after
{Heap after GC invocations=1935 (full 5):
 PSYoungGen      total 4096K, used 128K [0x00000000d5580000, 0x00000000d5b00000, 0x0000000100000000)
  eden space 3584K, 0% used [0x00000000d5580000,0x00000000d5580000,0x00000000d5900000)
  from space 512K, 25% used [0x00000000d5a00000,0x00000000d5a20000,0x00000000d5a80000)
  to   space 512K, 0% used [0x00000000d5a80000,0x00000000d5a80000,0x00000000d5b00000)
 ParOldGen       total 1123328K, used 1123278K [0x0000000080000000, 0x00000000c4900000, 0x00000000d5580000)
  object space 1123328K, 99% used [0x0000000080000000,0x00000000c48f3910,0x00000000c4900000)
 Metaspace       used 88466K, committed 90048K, reserved 1179648K
  class space    used 9072K, committed 9792K, reserved 1048576K
}
Event: 7432.127 GC heap before
{Heap before GC invocations=1936 (full 5):
 PSYoungGen      total 4096K, used 3712K [0x00000000d5580000, 0x00000000d5b00000, 0x0000000100000000)
  eden space 3584K, 100% used [0x00000000d5580000,0x00000000d5900000,0x00000000d5900000)
  from space 512K, 25% used [0x00000000d5a00000,0x00000000d5a20000,0x00000000d5a80000)
  to   space 512K, 0% used [0x00000000d5a80000,0x00000000d5a80000,0x00000000d5b00000)
 ParOldGen       total 1123328K, used 1123278K [0x0000000080000000, 0x00000000c4900000, 0x00000000d5580000)
  object space 1123328K, 99% used [0x0000000080000000,0x00000000c48f3910,0x00000000c4900000)
 Metaspace       used 88973K, committed 90560K, reserved 1179648K
  class space    used 9130K, committed 9856K, reserved 1048576K
}
Event: 7432.141 GC heap after
{Heap after GC invocations=1936 (full 5):
 PSYoungGen      total 4096K, used 160K [0x00000000d5580000, 0x00000000d5b00000, 0x0000000100000000)
  eden space 3584K, 0% used [0x00000000d5580000,0x00000000d5580000,0x00000000d5900000)
  from space 512K, 31% used [0x00000000d5a80000,0x00000000d5aa8000,0x00000000d5b00000)
  to   space 512K, 0% used [0x00000000d5a00000,0x00000000d5a00000,0x00000000d5a80000)
 ParOldGen       total 1123328K, used 1123326K [0x0000000080000000, 0x00000000c4900000, 0x00000000d5580000)
  object space 1123328K, 99% used [0x0000000080000000,0x00000000c48ff910,0x00000000c4900000)
 Metaspace       used 88973K, committed 90560K, reserved 1179648K
  class space    used 9130K, committed 9856K, reserved 1048576K
}
Event: 7433.408 GC heap before
{Heap before GC invocations=1937 (full 5):
 PSYoungGen      total 4096K, used 3744K [0x00000000d5580000, 0x00000000d5b00000, 0x0000000100000000)
  eden space 3584K, 100% used [0x00000000d5580000,0x00000000d5900000,0x00000000d5900000)
  from space 512K, 31% used [0x00000000d5a80000,0x00000000d5aa8000,0x00000000d5b00000)
  to   space 512K, 0% used [0x00000000d5a00000,0x00000000d5a00000,0x00000000d5a80000)
 ParOldGen       total 1123328K, used 1123326K [0x0000000080000000, 0x00000000c4900000, 0x00000000d5580000)
  object space 1123328K, 99% used [0x0000000080000000,0x00000000c48ff910,0x00000000c4900000)
 Metaspace       used 89274K, committed 90816K, reserved 1179648K
  class space    used 9195K, committed 9920K, reserved 1048576K
}
Event: 7433.417 GC heap after
{Heap after GC invocations=1937 (full 5):
 PSYoungGen      total 4096K, used 144K [0x00000000d5580000, 0x00000000d5b00000, 0x0000000100000000)
  eden space 3584K, 0% used [0x00000000d5580000,0x00000000d5580000,0x00000000d5900000)
  from space 512K, 28% used [0x00000000d5a00000,0x00000000d5a24010,0x00000000d5a80000)
  to   space 512K, 0% used [0x00000000d5a80000,0x00000000d5a80000,0x00000000d5b00000)
 ParOldGen       total 1123840K, used 1123382K [0x0000000080000000, 0x00000000c4980000, 0x00000000d5580000)
  object space 1123840K, 99% used [0x0000000080000000,0x00000000c490d920,0x00000000c4980000)
 Metaspace       used 89274K, committed 90816K, reserved 1179648K
  class space    used 9195K, committed 9920K, reserved 1048576K
}
Event: 7434.345 GC heap before
{Heap before GC invocations=1938 (full 5):
 PSYoungGen      total 4096K, used 3728K [0x00000000d5580000, 0x00000000d5b00000, 0x0000000100000000)
  eden space 3584K, 100% used [0x00000000d5580000,0x00000000d5900000,0x00000000d5900000)
  from space 512K, 28% used [0x00000000d5a00000,0x00000000d5a24010,0x00000000d5a80000)
  to   space 512K, 0% used [0x00000000d5a80000,0x00000000d5a80000,0x00000000d5b00000)
 ParOldGen       total 1123840K, used 1123382K [0x0000000080000000, 0x00000000c4980000, 0x00000000d5580000)
  object space 1123840K, 99% used [0x0000000080000000,0x00000000c490d920,0x00000000c4980000)
 Metaspace       used 89609K, committed 91200K, reserved 1179648K
  class space    used 9266K, committed 9984K, reserved 1048576K
}
Event: 7434.359 GC heap after
{Heap after GC invocations=1938 (full 5):
 PSYoungGen      total 4096K, used 128K [0x00000000d5580000, 0x00000000d5b00000, 0x0000000100000000)
  eden space 3584K, 0% used [0x00000000d5580000,0x00000000d5580000,0x00000000d5900000)
  from space 512K, 25% used [0x00000000d5a80000,0x00000000d5aa0000,0x00000000d5b00000)
  to   space 512K, 0% used [0x00000000d5a00000,0x00000000d5a00000,0x00000000d5a80000)
 ParOldGen       total 1123840K, used 1123462K [0x0000000080000000, 0x00000000c4980000, 0x00000000d5580000)
  object space 1123840K, 99% used [0x0000000080000000,0x00000000c4921940,0x00000000c4980000)
 Metaspace       used 89609K, committed 91200K, reserved 1179648K
  class space    used 9266K, committed 9984K, reserved 1048576K
}
Event: 7434.905 GC heap before
{Heap before GC invocations=1939 (full 5):
 PSYoungGen      total 4096K, used 3712K [0x00000000d5580000, 0x00000000d5b00000, 0x0000000100000000)
  eden space 3584K, 100% used [0x00000000d5580000,0x00000000d5900000,0x00000000d5900000)
  from space 512K, 25% used [0x00000000d5a80000,0x00000000d5aa0000,0x00000000d5b00000)
  to   space 512K, 0% used [0x00000000d5a00000,0x00000000d5a00000,0x00000000d5a80000)
 ParOldGen       total 1123840K, used 1123462K [0x0000000080000000, 0x00000000c4980000, 0x00000000d5580000)
  object space 1123840K, 99% used [0x0000000080000000,0x00000000c4921940,0x00000000c4980000)
 Metaspace       used 90008K, committed 91584K, reserved 1179648K
  class space    used 9323K, committed 10048K, reserved 1048576K
}
Event: 7434.918 GC heap after
{Heap after GC invocations=1939 (full 5):
 PSYoungGen      total 4096K, used 160K [0x00000000d5580000, 0x00000000d5b00000, 0x0000000100000000)
  eden space 3584K, 0% used [0x00000000d5580000,0x00000000d5580000,0x00000000d5900000)
  from space 512K, 31% used [0x00000000d5a00000,0x00000000d5a28000,0x00000000d5a80000)
  to   space 512K, 0% used [0x00000000d5a80000,0x00000000d5a80000,0x00000000d5b00000)
 ParOldGen       total 1123840K, used 1123518K [0x0000000080000000, 0x00000000c4980000, 0x00000000d5580000)
  object space 1123840K, 99% used [0x0000000080000000,0x00000000c492f940,0x00000000c4980000)
 Metaspace       used 90008K, committed 91584K, reserved 1179648K
  class space    used 9323K, committed 10048K, reserved 1048576K
}
Event: 7436.369 GC heap before
{Heap before GC invocations=1940 (full 5):
 PSYoungGen      total 4096K, used 3744K [0x00000000d5580000, 0x00000000d5b00000, 0x0000000100000000)
  eden space 3584K, 100% used [0x00000000d5580000,0x00000000d5900000,0x00000000d5900000)
  from space 512K, 31% used [0x00000000d5a00000,0x00000000d5a28000,0x00000000d5a80000)
  to   space 512K, 0% used [0x00000000d5a80000,0x00000000d5a80000,0x00000000d5b00000)
 ParOldGen       total 1123840K, used 1123518K [0x0000000080000000, 0x00000000c4980000, 0x00000000d5580000)
  object space 1123840K, 99% used [0x0000000080000000,0x00000000c492f940,0x00000000c4980000)
 Metaspace       used 90416K, committed 92096K, reserved 1179648K
  class space    used 9383K, committed 10176K, reserved 1048576K
}
Event: 7436.385 GC heap after
{Heap after GC invocations=1940 (full 5):
 PSYoungGen      total 4096K, used 288K [0x00000000d5580000, 0x00000000d5b00000, 0x0000000100000000)
  eden space 3584K, 0% used [0x00000000d5580000,0x00000000d5580000,0x00000000d5900000)
  from space 512K, 56% used [0x00000000d5a80000,0x00000000d5ac8000,0x00000000d5b00000)
  to   space 512K, 0% used [0x00000000d5a00000,0x00000000d5a00000,0x00000000d5a80000)
 ParOldGen       total 1123840K, used 1123590K [0x0000000080000000, 0x00000000c4980000, 0x00000000d5580000)
  object space 1123840K, 99% used [0x0000000080000000,0x00000000c4941940,0x00000000c4980000)
 Metaspace       used 90416K, committed 92096K, reserved 1179648K
  class space    used 9383K, committed 10176K, reserved 1048576K
}
Event: 7444.423 GC heap before
{Heap before GC invocations=1941 (full 5):
 PSYoungGen      total 4096K, used 3872K [0x00000000d5580000, 0x00000000d5b00000, 0x0000000100000000)
  eden space 3584K, 100% used [0x00000000d5580000,0x00000000d5900000,0x00000000d5900000)
  from space 512K, 56% used [0x00000000d5a80000,0x00000000d5ac8000,0x00000000d5b00000)
  to   space 512K, 0% used [0x00000000d5a00000,0x00000000d5a00000,0x00000000d5a80000)
 ParOldGen       total 1123840K, used 1123590K [0x0000000080000000, 0x00000000c4980000, 0x00000000d5580000)
  object space 1123840K, 99% used [0x0000000080000000,0x00000000c4941940,0x00000000c4980000)
 Metaspace       used 90911K, committed 92544K, reserved 1179648K
  class space    used 9461K, committed 10240K, reserved 1048576K
}
Event: 7444.437 GC heap after
{Heap after GC invocations=1941 (full 5):
 PSYoungGen      total 4096K, used 256K [0x00000000d5580000, 0x00000000d5b00000, 0x0000000100000000)
  eden space 3584K, 0% used [0x00000000d5580000,0x00000000d5580000,0x00000000d5900000)
  from space 512K, 50% used [0x00000000d5a00000,0x00000000d5a40000,0x00000000d5a80000)
  to   space 512K, 0% used [0x00000000d5a80000,0x00000000d5a80000,0x00000000d5b00000)
 ParOldGen       total 1123840K, used 1123798K [0x0000000080000000, 0x00000000c4980000, 0x00000000d5580000)
  object space 1123840K, 99% used [0x0000000080000000,0x00000000c4975950,0x00000000c4980000)
 Metaspace       used 90911K, committed 92544K, reserved 1179648K
  class space    used 9461K, committed 10240K, reserved 1048576K
}
Event: 7445.477 GC heap before
{Heap before GC invocations=1942 (full 5):
 PSYoungGen      total 4096K, used 3825K [0x00000000d5580000, 0x00000000d5b00000, 0x0000000100000000)
  eden space 3584K, 99% used [0x00000000d5580000,0x00000000d58fc458,0x00000000d5900000)
  from space 512K, 50% used [0x00000000d5a00000,0x00000000d5a40000,0x00000000d5a80000)
  to   space 512K, 0% used [0x00000000d5a80000,0x00000000d5a80000,0x00000000d5b00000)
 ParOldGen       total 1123840K, used 1123798K [0x0000000080000000, 0x00000000c4980000, 0x00000000d5580000)
  object space 1123840K, 99% used [0x0000000080000000,0x00000000c4975950,0x00000000c4980000)
 Metaspace       used 91212K, committed 92864K, reserved 1179648K
  class space    used 9513K, committed 10304K, reserved 1048576K
}
Event: 7445.491 GC heap after
{Heap after GC invocations=1942 (full 5):
 PSYoungGen      total 4096K, used 276K [0x00000000d5580000, 0x00000000d5b00000, 0x0000000100000000)
  eden space 3584K, 0% used [0x00000000d5580000,0x00000000d5580000,0x00000000d5900000)
  from space 512K, 54% used [0x00000000d5a80000,0x00000000d5ac53a8,0x00000000d5b00000)
  to   space 512K, 0% used [0x00000000d5a00000,0x00000000d5a00000,0x00000000d5a80000)
 ParOldGen       total 1124352K, used 1123958K [0x0000000080000000, 0x00000000c4a00000, 0x00000000d5580000)
  object space 1124352K, 99% used [0x0000000080000000,0x00000000c499d950,0x00000000c4a00000)
 Metaspace       used 91212K, committed 92864K, reserved 1179648K
  class space    used 9513K, committed 10304K, reserved 1048576K
}
Event: 7463.194 GC heap before
{Heap before GC invocations=1943 (full 5):
 PSYoungGen      total 4096K, used 3860K [0x00000000d5580000, 0x00000000d5b00000, 0x0000000100000000)
  eden space 3584K, 100% used [0x00000000d5580000,0x00000000d5900000,0x00000000d5900000)
  from space 512K, 54% used [0x00000000d5a80000,0x00000000d5ac53a8,0x00000000d5b00000)
  to   space 512K, 0% used [0x00000000d5a00000,0x00000000d5a00000,0x00000000d5a80000)
 ParOldGen       total 1124352K, used 1123958K [0x0000000080000000, 0x00000000c4a00000, 0x00000000d5580000)
  object space 1124352K, 99% used [0x0000000080000000,0x00000000c499d950,0x00000000c4a00000)
 Metaspace       used 91461K, committed 93056K, reserved 1179648K
  class space    used 9570K, committed 10304K, reserved 1048576K
}
Event: 7463.215 GC heap after
{Heap after GC invocations=1943 (full 5):
 PSYoungGen      total 4096K, used 160K [0x00000000d5580000, 0x00000000d5b00000, 0x0000000100000000)
  eden space 3584K, 0% used [0x00000000d5580000,0x00000000d5580000,0x00000000d5900000)
  from space 512K, 31% used [0x00000000d5a00000,0x00000000d5a28000,0x00000000d5a80000)
  to   space 512K, 0% used [0x00000000d5a80000,0x00000000d5a80000,0x00000000d5b00000)
 ParOldGen       total 1124352K, used 1124070K [0x0000000080000000, 0x00000000c4a00000, 0x00000000d5580000)
  object space 1124352K, 99% used [0x0000000080000000,0x00000000c49b9950,0x00000000c4a00000)
 Metaspace       used 91461K, committed 93056K, reserved 1179648K
  class space    used 9570K, committed 10304K, reserved 1048576K
}

